2026-03-05T19:54:53.172Z GET /api/alerts
2026-03-05T19:54:53.179Z GET /api/weather
2026-03-05T19:54:53.194Z GET /api/water
2026-03-05T19:54:53.200Z GET /api/predictions
2026-03-05T19:54:53.205Z GET /api/nasa/events
2026-03-05T19:54:53.207Z GET /api/nasa/events
2026-03-05T19:54:53.208Z GET /api/nasa/events
2026-03-05T19:54:53.209Z GET /api/nasa/events
2026-03-05T19:54:53.221Z GET /api/nasa/events
2026-03-05T19:54:53.222Z GET /api/nasa/events
2026-03-05T19:54:53.962Z GET /api/nasa/events
2026-03-05T19:54:53.963Z GET /api/nasa/events
2026-03-05T19:54:59.316Z GET /api/water
2026-03-05T19:54:59.318Z GET /api/predictions
2026-03-05T19:54:59.319Z GET /api/alerts
2026-03-05T19:54:59.321Z GET /api/weather
2026-03-05T19:54:59.330Z GET /api/nasa/events
2026-03-05T19:54:59.331Z GET /api/nasa/events
2026-03-05T19:54:59.344Z GET /api/nasa/events
2026-03-05T19:54:59.345Z GET /api/nasa/events
2026-03-05T19:54:59.353Z GET /api/nasa/events
2026-03-05T19:54:59.354Z GET /api/nasa/events
2026-03-05T19:55:00.265Z GET /api/nasa/events
2026-03-05T19:55:00.266Z GET /api/nasa/events
2026-03-05T19:55:09.329Z GET /api/water
2026-03-05T19:55:09.332Z GET /api/alerts
2026-03-05T19:55:09.333Z GET /api/predictions
2026-03-05T19:55:09.334Z GET /api/weather
2026-03-05T19:55:09.343Z GET /api/nasa/events
2026-03-05T19:55:09.345Z GET /api/nasa/events
2026-03-05T19:55:09.355Z GET /api/nasa/events
2026-03-05T19:55:09.356Z GET /api/nasa/events
2026-03-05T19:55:09.357Z GET /api/nasa/events
2026-03-05T19:55:09.357Z GET /api/nasa/events
2026-03-05T19:55:09.967Z GET /api/nasa/events
2026-03-05T19:55:09.968Z GET /api/nasa/events
2026-03-05T19:55:19.335Z GET /api/water
2026-03-05T19:55:19.336Z GET /api/predictions
2026-03-05T19:55:19.337Z GET /api/alerts
2026-03-05T19:55:19.340Z GET /api/weather
2026-03-05T19:55:19.346Z GET /api/nasa/events
2026-03-05T19:55:19.348Z GET /api/nasa/events
2026-03-05T19:55:19.381Z GET /api/nasa/events
2026-03-05T19:55:19.382Z GET /api/nasa/events
2026-03-05T19:55:19.393Z GET /api/nasa/events
2026-03-05T19:55:19.394Z GET /api/nasa/events
2026-03-05T19:55:19.587Z GET /api/nasa/events
2026-03-05T19:55:19.588Z GET /api/nasa/events
2026-03-05T19:55:23.648Z GET /api/nasa/
2026-03-05T19:55:24.768Z GET /api/nasa/test
2026-03-05T19:55:29.338Z GET /api/water
2026-03-05T19:55:29.340Z GET /api/predictions
2026-03-05T19:55:29.342Z GET /api/alerts
2026-03-05T19:55:29.343Z GET /api/weather
2026-03-05T19:55:29.353Z GET /api/nasa/events
2026-03-05T19:55:29.355Z GET /api/nasa/events
2026-03-05T19:55:29.387Z GET /api/nasa/events
2026-03-05T19:55:29.388Z GET /api/nasa/events
2026-03-05T19:55:29.703Z GET /api/nasa/events
2026-03-05T19:55:29.704Z GET /api/nasa/events
2026-03-05T19:55:39.344Z GET /api/water
2026-03-05T19:55:39.345Z GET /api/predictions
2026-03-05T19:55:39.346Z GET /api/alerts
2026-03-05T19:55:39.349Z GET /api/weather
2026-03-05T19:55:39.354Z GET /api/nasa/events
2026-03-05T19:55:39.356Z GET /api/nasa/events
2026-03-05T19:55:39.367Z GET /api/nasa/events
2026-03-05T19:55:39.368Z GET /api/nasa/events
2026-03-05T19:55:39.556Z GET /api/nasa/events
2026-03-05T19:55:39.557Z GET /api/nasa/events
2026-03-05T19:55:49.358Z GET /api/water
2026-03-05T19:55:49.361Z GET /api/predictions
2026-03-05T19:55:49.362Z GET /api/alerts
2026-03-05T19:55:49.362Z GET /api/weather
2026-03-05T19:55:49.369Z GET /api/nasa/events
2026-03-05T19:55:49.370Z GET /api/nasa/events
2026-03-05T19:55:49.381Z GET /api/nasa/events
2026-03-05T19:55:49.382Z GET /api/nasa/events
2026-03-05T19:55:49.392Z GET /api/nasa/events
2026-03-05T19:55:49.393Z GET /api/nasa/events
2026-03-05T19:55:49.786Z GET /api/nasa/events
2026-03-05T19:55:49.787Z GET /api/nasa/events
2026-03-05T19:55:59.368Z GET /api/water
2026-03-05T19:55:59.369Z GET /api/predictions
2026-03-05T19:55:59.370Z GET /api/alerts
2026-03-05T19:55:59.373Z GET /api/weather
2026-03-05T19:55:59.378Z GET /api/nasa/events
2026-03-05T19:55:59.379Z GET /api/nasa/events
2026-03-05T19:55:59.390Z GET /api/nasa/events
2026-03-05T19:55:59.391Z GET /api/nasa/events
2026-03-05T19:56:00.016Z GET /api/nasa/events
2026-03-05T19:56:00.017Z GET /api/nasa/events
2026-03-05T19:56:09.380Z GET /api/water
2026-03-05T19:56:09.381Z GET /api/predictions
2026-03-05T19:56:09.383Z GET /api/alerts
2026-03-05T19:56:09.385Z GET /api/weather
2026-03-05T19:56:09.389Z GET /api/nasa/events
2026-03-05T19:56:09.390Z GET /api/nasa/events
2026-03-05T19:56:09.402Z GET /api/nasa/events
2026-03-05T19:56:09.403Z GET /api/nasa/events
2026-03-05T19:56:09.412Z GET /api/nasa/events
2026-03-05T19:56:09.413Z GET /api/nasa/events
2026-03-05T19:56:09.745Z GET /api/nasa/events
2026-03-05T19:56:09.746Z GET /api/nasa/events
2026-03-05T19:56:19.384Z GET /api/water
2026-03-05T19:56:19.385Z GET /api/predictions
2026-03-05T19:56:19.386Z GET /api/alerts
2026-03-05T19:56:19.389Z GET /api/weather
2026-03-05T19:56:19.393Z GET /api/nasa/events
2026-03-05T19:56:19.394Z GET /api/nasa/events
2026-03-05T19:56:19.403Z GET /api/nasa/events
2026-03-05T19:56:19.404Z GET /api/nasa/events
2026-03-05T19:56:19.413Z GET /api/nasa/events
2026-03-05T19:56:19.413Z GET /api/nasa/events
2026-03-05T19:56:19.680Z GET /api/nasa/events
2026-03-05T19:56:19.681Z GET /api/nasa/events
2026-03-05T19:56:29.394Z GET /api/water
2026-03-05T19:56:29.396Z GET /api/predictions
2026-03-05T19:56:29.397Z GET /api/alerts
2026-03-05T19:56:29.398Z GET /api/weather
2026-03-05T19:56:29.408Z GET /api/nasa/events
2026-03-05T19:56:29.409Z GET /api/nasa/events
2026-03-05T19:56:29.447Z GET /api/nasa/events
2026-03-05T19:56:29.448Z GET /api/nasa/events
2026-03-05T19:56:29.711Z GET /api/nasa/events
2026-03-05T19:56:29.712Z GET /api/nasa/events
2026-03-05T19:56:39.739Z GET /api/water
2026-03-05T19:56:39.742Z GET /api/predictions
2026-03-05T19:56:39.743Z GET /api/alerts
2026-03-05T19:56:39.745Z GET /api/weather
2026-03-05T19:56:39.753Z GET /api/nasa/events
2026-03-05T19:56:39.755Z GET /api/nasa/events
2026-03-05T19:56:39.788Z GET /api/nasa/events
2026-03-05T19:56:39.790Z GET /api/nasa/events
2026-03-05T19:56:40.052Z GET /api/nasa/events
2026-03-05T19:56:40.053Z GET /api/nasa/events
2026-03-05T19:56:49.746Z GET /api/water
2026-03-05T19:56:49.748Z GET /api/predictions
2026-03-05T19:56:49.750Z GET /api/alerts
2026-03-05T19:56:49.750Z GET /api/weather
2026-03-05T19:56:49.757Z GET /api/nasa/events
2026-03-05T19:56:49.759Z GET /api/nasa/events
2026-03-05T19:56:49.770Z GET /api/nasa/events
2026-03-05T19:56:49.771Z GET /api/nasa/events
2026-03-05T19:56:50.090Z GET /api/nasa/events
2026-03-05T19:56:50.091Z GET /api/nasa/events
2026-03-05T19:56:59.745Z GET /api/water
2026-03-05T19:56:59.749Z GET /api/predictions
2026-03-05T19:56:59.751Z GET /api/weather
2026-03-05T19:56:59.753Z GET /api/alerts
2026-03-05T19:56:59.758Z GET /api/nasa/events
2026-03-05T19:56:59.759Z GET /api/nasa/events
2026-03-05T19:56:59.769Z GET /api/nasa/events
2026-03-05T19:56:59.770Z GET /api/nasa/events
2026-03-05T19:56:59.945Z GET /api/nasa/events
2026-03-05T19:56:59.945Z GET /api/nasa/events
2026-03-05T19:58:36.045Z GET /api/nasa/
2026-03-05T19:58:36.930Z GET /api/nasa/test
2026-03-05T19:59:41.349Z GET /api/water
2026-03-05T19:59:41.354Z GET /api/predictions
2026-03-05T19:59:41.356Z GET /api/alerts
2026-03-05T19:59:41.358Z GET /api/regions
2026-03-05T19:59:41.361Z GET /api/weather
2026-03-05T19:59:41.363Z GET /api/nasa/
2026-03-05T19:59:42.119Z GET /api/nasa/test
2026-03-05T20:00:33.297Z GET /api/nasa/events
2026-03-05T20:00:33.730Z GET /api/nasa/events
2026-03-05T20:00:33.733Z GET /api/nasa/events
2026-03-05T20:00:33.756Z GET /api/water
2026-03-05T20:00:33.758Z GET /api/predictions
2026-03-05T20:00:33.760Z GET /api/alerts
2026-03-05T20:00:33.763Z GET /api/weather
2026-03-05T20:00:33.769Z GET /api/nasa/events
2026-03-05T20:00:33.770Z GET /api/nasa/events
2026-03-05T20:00:33.827Z GET /api/nasa/events
2026-03-05T20:00:33.828Z GET /api/nasa/events
2026-03-05T20:00:34.032Z GET /api/nasa/events
2026-03-05T20:00:34.033Z GET /api/nasa/events
2026-03-05T20:00:43.766Z GET /api/water
2026-03-05T20:00:43.768Z GET /api/predictions
2026-03-05T20:00:43.770Z GET /api/alerts
2026-03-05T20:00:43.771Z GET /api/weather
2026-03-05T20:00:43.780Z GET /api/nasa/events
2026-03-05T20:00:43.782Z GET /api/nasa/events
2026-03-05T20:00:43.829Z GET /api/nasa/events
2026-03-05T20:00:43.831Z GET /api/nasa/events
2026-03-05T20:00:44.080Z GET /api/nasa/events
2026-03-05T20:00:44.082Z GET /api/nasa/events
2026-03-05T20:00:53.772Z GET /api/water
2026-03-05T20:00:53.773Z GET /api/predictions
2026-03-05T20:00:53.775Z GET /api/alerts
2026-03-05T20:00:53.778Z GET /api/weather
2026-03-05T20:00:53.785Z GET /api/nasa/events
2026-03-05T20:00:53.786Z GET /api/nasa/events
2026-03-05T20:00:53.815Z GET /api/nasa/events
2026-03-05T20:00:53.816Z GET /api/nasa/events
2026-03-05T20:00:53.834Z GET /api/nasa/events
2026-03-05T20:00:53.835Z GET /api/nasa/events
2026-03-05T20:00:54.104Z GET /api/nasa/events
2026-03-05T20:00:54.105Z GET /api/nasa/events
2026-03-05T20:01:03.785Z GET /api/water
2026-03-05T20:01:03.786Z GET /api/predictions
2026-03-05T20:01:03.788Z GET /api/alerts
2026-03-05T20:01:03.790Z GET /api/weather
2026-03-05T20:01:03.795Z GET /api/nasa/events
2026-03-05T20:01:03.796Z GET /api/nasa/events
2026-03-05T20:01:03.811Z GET /api/nasa/events
2026-03-05T20:01:03.812Z GET /api/nasa/events
2026-03-05T20:01:04.076Z GET /api/nasa/events
2026-03-05T20:01:04.077Z GET /api/nasa/events
2026-03-05T20:01:13.791Z GET /api/water
2026-03-05T20:01:13.793Z GET /api/predictions
2026-03-05T20:01:13.795Z GET /api/alerts
2026-03-05T20:01:13.798Z GET /api/weather
2026-03-05T20:01:13.804Z GET /api/nasa/events
2026-03-05T20:01:13.805Z GET /api/nasa/events
2026-03-05T20:01:13.826Z GET /api/nasa/events
2026-03-05T20:01:13.828Z GET /api/nasa/events
2026-03-05T20:01:13.847Z GET /api/nasa/events
2026-03-05T20:01:13.848Z GET /api/nasa/events
2026-03-05T20:01:14.007Z GET /api/nasa/events
2026-03-05T20:01:14.009Z GET /api/nasa/events
2026-03-05T20:01:23.790Z GET /api/water
2026-03-05T20:01:23.794Z GET /api/predictions
2026-03-05T20:01:23.796Z GET /api/alerts
2026-03-05T20:01:23.798Z GET /api/weather
2026-03-05T20:01:23.804Z GET /api/nasa/events
2026-03-05T20:01:23.805Z GET /api/nasa/events
2026-03-05T20:01:23.816Z GET /api/nasa/events
2026-03-05T20:01:23.817Z GET /api/nasa/events
2026-03-05T20:01:24.063Z GET /api/nasa/events
2026-03-05T20:01:24.065Z GET /api/nasa/events
2026-03-05T20:01:33.801Z GET /api/water
2026-03-05T20:01:33.803Z GET /api/predictions
2026-03-05T20:01:33.804Z GET /api/alerts
2026-03-05T20:01:33.806Z GET /api/weather
2026-03-05T20:01:33.812Z GET /api/nasa/events
2026-03-05T20:01:33.814Z GET /api/nasa/events
2026-03-05T20:01:33.827Z GET /api/nasa/events
2026-03-05T20:01:33.829Z GET /api/nasa/events
2026-03-05T20:01:34.247Z GET /api/nasa/events
2026-03-05T20:01:34.248Z GET /api/nasa/events
2026-03-05T20:01:44.037Z GET /api/water
2026-03-05T20:01:44.039Z GET /api/predictions
2026-03-05T20:01:44.040Z GET /api/alerts
2026-03-05T20:01:44.041Z GET /api/weather
2026-03-05T20:01:44.049Z GET /api/nasa/events
2026-03-05T20:01:44.051Z GET /api/nasa/events
2026-03-05T20:01:44.067Z GET /api/nasa/events
2026-03-05T20:01:44.068Z GET /api/nasa/events
2026-03-05T20:01:44.076Z GET /api/nasa/events
2026-03-05T20:01:44.077Z GET /api/nasa/events
2026-03-05T20:01:44.598Z GET /api/nasa/events
2026-03-05T20:01:44.599Z GET /api/nasa/events
2026-03-05T20:01:46.839Z GET /api/nasa/events
2026-03-05T20:01:54.398Z GET /api/water
2026-03-05T20:01:54.401Z GET /api/predictions
2026-03-05T20:01:54.403Z GET /api/weather
2026-03-05T20:01:54.406Z GET /api/alerts
2026-03-05T20:01:54.412Z GET /api/nasa/events
2026-03-05T20:01:54.413Z GET /api/nasa/events
2026-03-05T20:01:54.446Z GET /api/nasa/events
2026-03-05T20:01:54.447Z GET /api/nasa/events
2026-03-05T20:01:54.685Z GET /api/nasa/events
2026-03-05T20:01:54.686Z GET /api/nasa/events
2026-03-05T20:02:04.404Z GET /api/water
2026-03-05T20:02:04.405Z GET /api/predictions
2026-03-05T20:02:04.407Z GET /api/alerts
2026-03-05T20:02:04.408Z GET /api/weather
2026-03-05T20:02:04.412Z GET /api/nasa/events
2026-03-05T20:02:04.413Z GET /api/nasa/events
2026-03-05T20:02:04.426Z GET /api/nasa/events
2026-03-05T20:02:04.427Z GET /api/nasa/events
2026-03-05T20:02:04.437Z GET /api/nasa/events
2026-03-05T20:02:04.439Z GET /api/nasa/events
2026-03-05T20:02:04.651Z GET /api/nasa/events
2026-03-05T20:02:04.652Z GET /api/nasa/events
2026-03-05T20:02:14.408Z GET /api/water
2026-03-05T20:02:14.410Z GET /api/predictions
2026-03-05T20:02:14.412Z GET /api/alerts
2026-03-05T20:02:14.415Z GET /api/weather
2026-03-05T20:02:14.420Z GET /api/nasa/events
2026-03-05T20:02:14.421Z GET /api/nasa/events
2026-03-05T20:02:14.434Z GET /api/nasa/events
2026-03-05T20:02:14.436Z GET /api/nasa/events
2026-03-05T20:02:14.446Z GET /api/nasa/events
2026-03-05T20:02:14.447Z GET /api/nasa/events
2026-03-05T20:02:14.797Z GET /api/nasa/events
2026-03-05T20:02:14.798Z GET /api/nasa/events
2026-03-05T20:02:24.419Z GET /api/water
2026-03-05T20:02:24.421Z GET /api/predictions
2026-03-05T20:02:24.423Z GET /api/alerts
2026-03-05T20:02:24.425Z GET /api/weather
2026-03-05T20:02:24.430Z GET /api/nasa/events
2026-03-05T20:02:24.431Z GET /api/nasa/events
2026-03-05T20:02:24.442Z GET /api/nasa/events
2026-03-05T20:02:24.443Z GET /api/nasa/events
2026-03-05T20:02:24.721Z GET /api/nasa/events
2026-03-05T20:02:24.722Z GET /api/nasa/events
2026-03-05T20:02:34.434Z GET /api/water
2026-03-05T20:02:34.436Z GET /api/predictions
2026-03-05T20:02:34.438Z GET /api/alerts
2026-03-05T20:02:34.441Z GET /api/weather
2026-03-05T20:02:34.446Z GET /api/nasa/events
2026-03-05T20:02:34.448Z GET /api/nasa/events
2026-03-05T20:02:34.458Z GET /api/nasa/events
2026-03-05T20:02:34.459Z GET /api/nasa/events
2026-03-05T20:02:34.786Z GET /api/nasa/events
2026-03-05T20:02:34.787Z GET /api/nasa/events
2026-03-05T20:04:14.512Z GET /api/water
2026-03-05T20:04:14.526Z GET /api/weather
2026-03-05T20:04:14.544Z GET /api/predictions
2026-03-05T20:04:14.548Z GET /api/nasa/events
2026-03-05T20:04:14.553Z GET /api/alerts
2026-03-05T20:04:14.554Z GET /api/nasa/events
2026-03-05T20:04:14.558Z GET /api/alerts
2026-03-05T20:04:14.610Z GET /api/nasa/events
2026-03-05T20:04:14.612Z GET /api/nasa/events
2026-03-05T20:04:14.919Z GET /api/weather
2026-03-05T20:04:14.921Z GET /api/nasa/events
2026-03-05T20:04:15.007Z GET /api/nasa/events
2026-03-05T20:04:16.449Z GET /api/weather
2026-03-05T20:04:16.481Z GET /api/nasa/events
2026-03-05T20:04:16.484Z GET /api/nasa/events
2026-03-05T20:04:16.513Z GET /api/nasa/events
2026-03-05T20:04:16.515Z GET /api/nasa/events
2026-03-05T20:04:21.546Z GET /api/water
2026-03-05T20:04:21.549Z GET /api/predictions
2026-03-05T20:04:21.551Z GET /api/alerts
2026-03-05T20:04:21.553Z GET /api/weather
2026-03-05T20:04:21.560Z GET /api/nasa/events
2026-03-05T20:04:21.562Z GET /api/nasa/events
2026-03-05T20:04:21.585Z GET /api/nasa/events
2026-03-05T20:04:21.588Z GET /api/nasa/events
2026-03-05T20:04:21.924Z GET /api/nasa/events
2026-03-05T20:04:21.926Z GET /api/nasa/events
2026-03-05T20:04:31.548Z GET /api/water
2026-03-05T20:04:31.550Z GET /api/predictions
2026-03-05T20:04:31.553Z GET /api/alerts
2026-03-05T20:04:31.554Z GET /api/weather
2026-03-05T20:04:31.570Z GET /api/nasa/events
2026-03-05T20:04:31.575Z GET /api/nasa/events
2026-03-05T20:04:31.624Z GET /api/nasa/events
2026-03-05T20:04:31.627Z GET /api/nasa/events
2026-03-05T20:04:31.650Z GET /api/nasa/events
2026-03-05T20:04:31.963Z GET /api/nasa/events
2026-03-05T20:04:35.643Z GET /api/nasa/events
2026-03-05T20:04:35.787Z GET /api/nasa/events
2026-03-05T20:04:41.553Z GET /api/water
2026-03-05T20:04:41.555Z GET /api/predictions
2026-03-05T20:04:41.557Z GET /api/alerts
2026-03-05T20:04:41.562Z GET /api/weather
2026-03-05T20:04:41.567Z GET /api/nasa/events
2026-03-05T20:04:44.809Z GET /api/nasa/events
2026-03-05T20:04:44.811Z GET /api/nasa/events
2026-03-05T20:04:44.813Z GET /api/nasa/events
2026-03-05T20:04:44.815Z GET /api/nasa/events
2026-03-05T20:04:44.818Z GET /api/nasa/events
2026-03-05T20:04:51.649Z GET /api/water
2026-03-05T20:04:51.651Z GET /api/predictions
2026-03-05T20:04:51.655Z GET /api/alerts
2026-03-05T20:04:51.657Z GET /api/weather
2026-03-05T20:04:51.663Z GET /api/nasa/events
2026-03-05T20:04:56.380Z GET /api/nasa/events
2026-03-05T20:04:56.808Z GET /api/nasa/events
2026-03-05T20:04:56.809Z GET /api/nasa/events
2026-03-05T20:04:56.810Z GET /api/nasa/events
2026-03-05T20:04:56.812Z GET /api/nasa/events
2026-03-05T20:04:56.907Z GET /api/nasa/events
2026-03-05T20:04:57.141Z GET /api/nasa/events
2026-03-05T20:05:01.651Z GET /api/water
2026-03-05T20:05:01.652Z GET /api/predictions
2026-03-05T20:05:01.654Z GET /api/alerts
2026-03-05T20:05:01.655Z GET /api/weather
2026-03-05T20:05:01.665Z GET /api/nasa/events
2026-03-05T20:05:01.667Z GET /api/nasa/events
2026-03-05T20:05:01.720Z GET /api/nasa/events
2026-03-05T20:05:01.722Z GET /api/nasa/events
2026-03-05T20:05:02.239Z GET /api/nasa/events
2026-03-05T20:05:02.241Z GET /api/nasa/events
2026-03-05T20:05:11.962Z GET /api/water
2026-03-05T20:05:11.965Z GET /api/alerts
2026-03-05T20:05:11.967Z GET /api/predictions
2026-03-05T20:05:11.968Z GET /api/weather
2026-03-05T20:05:11.979Z GET /api/nasa/events
2026-03-05T20:05:11.982Z GET /api/nasa/events
2026-03-05T20:05:12.006Z GET /api/nasa/events
2026-03-05T20:05:12.010Z GET /api/nasa/events
2026-03-05T20:05:12.012Z GET /api/nasa/events
2026-03-05T20:05:12.255Z GET /api/nasa/events
2026-03-05T20:05:13.301Z GET /api/nasa/events
2026-03-05T20:05:13.306Z GET /api/nasa/events
2026-03-05T20:05:22.179Z GET /api/water
2026-03-05T20:05:22.180Z GET /api/predictions
2026-03-05T20:05:22.182Z GET /api/alerts
2026-03-05T20:05:22.184Z GET /api/weather
2026-03-05T20:05:22.192Z GET /api/nasa/events
2026-03-05T20:05:22.194Z GET /api/nasa/events
2026-03-05T20:05:22.211Z GET /api/nasa/events
2026-03-05T20:05:22.213Z GET /api/nasa/events
2026-03-05T20:05:22.702Z GET /api/nasa/events
2026-03-05T20:05:22.705Z GET /api/nasa/events
2026-03-05T20:05:32.575Z GET /api/water
2026-03-05T20:05:32.576Z GET /api/predictions
2026-03-05T20:05:32.578Z GET /api/alerts
2026-03-05T20:05:32.581Z GET /api/weather
2026-03-05T20:05:32.588Z GET /api/nasa/events
2026-03-05T20:05:32.590Z GET /api/nasa/events
2026-03-05T20:05:32.638Z GET /api/nasa/events
2026-03-05T20:05:32.641Z GET /api/nasa/events
2026-03-05T20:05:32.662Z GET /api/nasa/events
2026-03-05T20:05:32.939Z GET /api/nasa/events
2026-03-05T20:05:40.908Z GET /api/nasa/events
2026-03-05T20:05:40.912Z GET /api/nasa/events
2026-03-05T20:05:43.096Z GET /api/water
2026-03-05T20:05:43.098Z GET /api/alerts
2026-03-05T20:05:43.102Z GET /api/predictions
2026-03-05T20:05:43.103Z GET /api/weather
2026-03-05T20:05:43.109Z GET /api/nasa/events
2026-03-05T20:05:43.325Z GET /api/nasa/events
2026-03-05T20:05:43.766Z GET /api/nasa/events
2026-03-05T20:05:44.217Z GET /api/nasa/events
2026-03-05T20:05:47.257Z GET /api/nasa/events
2026-03-05T20:05:47.514Z GET /api/nasa/events
2026-03-05T20:05:47.881Z GET /api/nasa/events
2026-03-05T20:05:49.398Z GET /api/nasa/events
2026-03-05T20:05:53.313Z GET /api/water
2026-03-05T20:05:53.317Z GET /api/predictions
2026-03-05T20:05:53.319Z GET /api/alerts
2026-03-05T20:05:53.323Z GET /api/weather
2026-03-05T20:05:53.335Z GET /api/nasa/events
2026-03-05T20:06:03.387Z GET /api/water
2026-03-05T20:06:03.390Z GET /api/predictions
2026-03-05T20:06:03.391Z GET /api/alerts
2026-03-05T20:06:03.393Z GET /api/weather
2026-03-05T20:06:03.756Z GET /api/nasa/events
2026-03-05T20:06:04.084Z GET /api/nasa/events
2026-03-05T20:06:04.086Z GET /api/nasa/events
2026-03-05T20:06:04.088Z GET /api/nasa/events
2026-03-05T20:06:04.089Z GET /api/nasa/events
2026-03-05T20:06:04.091Z GET /api/nasa/events
2026-03-05T20:06:04.162Z GET /api/nasa/events
2026-03-05T20:06:05.385Z GET /api/nasa/events
2026-03-05T20:06:05.390Z GET /api/nasa/events
2026-03-05T20:06:05.392Z GET /api/nasa/events
2026-03-05T20:06:05.404Z GET /api/nasa/events
2026-03-05T20:06:14.308Z GET /api/water
2026-03-05T20:06:14.310Z GET /api/predictions
2026-03-05T20:06:14.312Z GET /api/alerts
2026-03-05T20:06:14.316Z GET /api/weather
2026-03-05T20:06:14.321Z GET /api/nasa/events
2026-03-05T20:06:14.324Z GET /api/nasa/events
2026-03-05T20:06:14.343Z GET /api/nasa/events
2026-03-05T20:06:14.346Z GET /api/nasa/events
2026-03-05T20:06:14.360Z GET /api/nasa/events
2026-03-05T20:06:14.577Z GET /api/nasa/events
2026-03-05T20:06:15.948Z GET /api/nasa/events
2026-03-05T20:06:15.957Z GET /api/nasa/events
2026-03-05T20:06:24.630Z GET /api/water
2026-03-05T20:06:24.632Z GET /api/predictions
2026-03-05T20:06:24.634Z GET /api/alerts
2026-03-05T20:06:24.636Z GET /api/weather
2026-03-05T20:06:24.641Z GET /api/nasa/events
2026-03-05T20:06:24.644Z GET /api/nasa/events
2026-03-05T20:06:24.664Z GET /api/nasa/events
2026-03-05T20:06:24.666Z GET /api/nasa/events
2026-03-05T20:06:24.683Z GET /api/nasa/events
2026-03-05T20:06:25.171Z GET /api/nasa/events
2026-03-05T20:06:26.309Z GET /api/nasa/events
2026-03-05T20:06:26.310Z GET /api/nasa/events
2026-03-05T20:06:34.789Z GET /api/water
2026-03-05T20:06:34.790Z GET /api/predictions
2026-03-05T20:06:34.791Z GET /api/alerts
2026-03-05T20:06:34.793Z GET /api/weather
2026-03-05T20:06:34.799Z GET /api/nasa/events
2026-03-05T20:06:34.802Z GET /api/nasa/events
2026-03-05T20:06:34.850Z GET /api/nasa/events
2026-03-05T20:06:34.852Z GET /api/nasa/events
2026-03-05T20:06:35.062Z GET /api/nasa/events
2026-03-05T20:06:35.065Z GET /api/nasa/events
2026-03-05T20:06:45.694Z GET /api/water
2026-03-05T20:06:45.701Z GET /api/predictions
2026-03-05T20:06:45.704Z GET /api/alerts
2026-03-05T20:06:45.707Z GET /api/weather
2026-03-05T20:06:45.905Z GET /api/nasa/events
2026-03-05T20:06:46.218Z GET /api/nasa/events
2026-03-05T20:06:46.760Z GET /api/nasa/events
2026-03-05T20:06:46.792Z GET /api/nasa/events
2026-03-05T20:06:54.794Z GET /api/water
2026-03-05T20:06:54.796Z GET /api/predictions
2026-03-05T20:06:54.798Z GET /api/alerts
2026-03-05T20:06:54.800Z GET /api/weather
2026-03-05T20:06:54.808Z GET /api/nasa/events
2026-03-05T20:06:59.273Z GET /api/nasa/events
2026-03-05T20:06:59.595Z GET /api/nasa/events
2026-03-05T20:06:59.597Z GET /api/nasa/events
2026-03-05T20:06:59.599Z GET /api/nasa/events
2026-03-05T20:06:59.600Z GET /api/nasa/events
2026-03-05T20:06:59.602Z GET /api/nasa/events
2026-03-05T20:06:59.604Z GET /api/nasa/events
2026-03-05T20:07:04.799Z GET /api/water
2026-03-05T20:07:04.801Z GET /api/predictions
2026-03-05T20:07:04.802Z GET /api/alerts
2026-03-05T20:07:04.804Z GET /api/weather
2026-03-05T20:07:04.812Z GET /api/nasa/events
2026-03-05T20:07:04.814Z GET /api/nasa/events
2026-03-05T20:07:04.866Z GET /api/nasa/events
2026-03-05T20:07:04.869Z GET /api/nasa/events
2026-03-05T20:07:05.179Z GET /api/nasa/events
2026-03-05T20:07:05.181Z GET /api/nasa/events
2026-03-05T20:07:14.837Z GET /api/water
2026-03-05T20:07:14.839Z GET /api/predictions
2026-03-05T20:07:14.841Z GET /api/alerts
2026-03-05T20:07:14.842Z GET /api/weather
2026-03-05T20:07:14.848Z GET /api/nasa/events
2026-03-05T20:07:14.850Z GET /api/nasa/events
2026-03-05T20:07:14.898Z GET /api/nasa/events
2026-03-05T20:07:14.900Z GET /api/nasa/events
2026-03-05T20:07:14.920Z GET /api/nasa/events
2026-03-05T20:07:15.340Z GET /api/nasa/events
2026-03-05T20:07:16.467Z GET /api/nasa/events
2026-03-05T20:07:16.470Z GET /api/nasa/events
2026-03-05T20:11:02.875Z GET /api/weather
2026-03-05T20:11:03.306Z GET /api/nasa/events
2026-03-05T20:11:03.308Z GET /api/nasa/events
2026-03-05T20:11:04.954Z GET /api/weather
2026-03-05T20:11:04.957Z GET /api/water
2026-03-05T20:11:04.962Z GET /api/predictions
2026-03-05T20:11:04.963Z GET /api/alerts
2026-03-05T20:11:04.972Z GET /api/nasa/events
2026-03-05T20:11:04.973Z GET /api/nasa/events
2026-03-05T20:11:05.007Z GET /api/nasa/events
2026-03-05T20:11:05.008Z GET /api/nasa/events
2026-03-05T20:11:05.127Z GET /api/nasa/events
2026-03-05T20:11:05.128Z GET /api/nasa/events
2026-03-05T20:11:15.239Z GET /api/water
2026-03-05T20:11:15.241Z GET /api/predictions
2026-03-05T20:11:15.243Z GET /api/alerts
2026-03-05T20:11:15.244Z GET /api/weather
2026-03-05T20:11:15.253Z GET /api/nasa/events
2026-03-05T20:11:15.256Z GET /api/nasa/events
2026-03-05T20:11:15.273Z GET /api/nasa/events
2026-03-05T20:11:15.274Z GET /api/nasa/events
2026-03-05T20:11:15.290Z GET /api/nasa/events
2026-03-05T20:11:15.291Z GET /api/nasa/events
2026-03-05T20:11:15.883Z GET /api/nasa/events
2026-03-05T20:11:15.884Z GET /api/nasa/events
2026-03-05T20:11:25.256Z GET /api/water
2026-03-05T20:11:25.259Z GET /api/predictions
2026-03-05T20:11:25.261Z GET /api/alerts
2026-03-05T20:11:25.264Z GET /api/weather
2026-03-05T20:11:25.273Z GET /api/nasa/events
2026-03-05T20:11:25.275Z GET /api/nasa/events
2026-03-05T20:11:25.294Z GET /api/nasa/events
2026-03-05T20:11:25.295Z GET /api/nasa/events
2026-03-05T20:11:25.613Z GET /api/nasa/events
2026-03-05T20:11:25.614Z GET /api/nasa/events
2026-03-05T20:11:35.271Z GET /api/water
2026-03-05T20:11:35.272Z GET /api/predictions
2026-03-05T20:11:35.276Z GET /api/alerts
2026-03-05T20:11:35.278Z GET /api/weather
2026-03-05T20:11:35.283Z GET /api/nasa/events
2026-03-05T20:11:35.284Z GET /api/nasa/events
2026-03-05T20:11:35.302Z GET /api/nasa/events
2026-03-05T20:11:35.303Z GET /api/nasa/events
2026-03-05T20:11:35.322Z GET /api/nasa/events
2026-03-05T20:11:35.323Z GET /api/nasa/events
2026-03-05T20:11:36.464Z GET /api/nasa/events
2026-03-05T20:11:36.465Z GET /api/nasa/events
2026-03-05T20:11:45.282Z GET /api/water
2026-03-05T20:11:45.284Z GET /api/predictions
2026-03-05T20:11:45.289Z GET /api/alerts
2026-03-05T20:11:45.291Z GET /api/weather
2026-03-05T20:11:45.296Z GET /api/nasa/events
2026-03-05T20:11:45.297Z GET /api/nasa/events
2026-03-05T20:11:45.314Z GET /api/nasa/events
2026-03-05T20:11:45.315Z GET /api/nasa/events
2026-03-05T20:11:45.683Z GET /api/nasa/events
2026-03-05T20:11:45.684Z GET /api/nasa/events
2026-03-05T20:11:55.301Z GET /api/water
2026-03-05T20:11:55.303Z GET /api/predictions
2026-03-05T20:11:55.304Z GET /api/alerts
2026-03-05T20:11:55.304Z GET /api/weather
2026-03-05T20:11:55.312Z GET /api/nasa/events
2026-03-05T20:11:55.313Z GET /api/nasa/events
2026-03-05T20:11:55.332Z GET /api/nasa/events
2026-03-05T20:11:55.333Z GET /api/nasa/events
2026-03-05T20:11:55.349Z GET /api/nasa/events
2026-03-05T20:11:55.350Z GET /api/nasa/events
2026-03-05T20:11:56.032Z GET /api/nasa/events
2026-03-05T20:11:56.033Z GET /api/nasa/events
2026-03-05T20:12:05.450Z GET /api/water
2026-03-05T20:12:05.452Z GET /api/predictions
2026-03-05T20:12:05.453Z GET /api/alerts
2026-03-05T20:12:05.455Z GET /api/weather
2026-03-05T20:12:05.461Z GET /api/nasa/events
2026-03-05T20:12:05.462Z GET /api/nasa/events
2026-03-05T20:12:05.479Z GET /api/nasa/events
2026-03-05T20:12:05.480Z GET /api/nasa/events
2026-03-05T20:12:06.465Z GET /api/nasa/events
2026-03-05T20:12:06.466Z GET /api/nasa/events
2026-03-05T20:12:15.557Z GET /api/water
2026-03-05T20:12:15.559Z GET /api/predictions
2026-03-05T20:12:15.560Z GET /api/alerts
2026-03-05T20:12:15.561Z GET /api/weather
2026-03-05T20:12:15.568Z GET /api/nasa/events
2026-03-05T20:12:15.570Z GET /api/nasa/events
2026-03-05T20:12:15.588Z GET /api/nasa/events
2026-03-05T20:12:15.589Z GET /api/nasa/events
2026-03-05T20:12:16.417Z GET /api/nasa/events
2026-03-05T20:12:16.418Z GET /api/nasa/events
2026-03-05T20:12:25.579Z GET /api/water
2026-03-05T20:12:25.581Z GET /api/predictions
2026-03-05T20:12:25.583Z GET /api/alerts
2026-03-05T20:12:25.586Z GET /api/weather
2026-03-05T20:12:25.591Z GET /api/nasa/events
2026-03-05T20:12:25.591Z GET /api/nasa/events
2026-03-05T20:12:25.609Z GET /api/nasa/events
2026-03-05T20:12:25.610Z GET /api/nasa/events
2026-03-05T20:12:26.497Z GET /api/nasa/events
2026-03-05T20:12:26.498Z GET /api/nasa/events
2026-03-05T20:12:35.622Z GET /api/water
2026-03-05T20:12:35.624Z GET /api/predictions
2026-03-05T20:12:35.625Z GET /api/alerts
2026-03-05T20:12:35.627Z GET /api/weather
2026-03-05T20:12:35.632Z GET /api/nasa/events
2026-03-05T20:12:35.633Z GET /api/nasa/events
2026-03-05T20:12:35.648Z GET /api/nasa/events
2026-03-05T20:12:35.650Z GET /api/nasa/events
2026-03-05T20:12:35.668Z GET /api/nasa/events
2026-03-05T20:12:35.669Z GET /api/nasa/events
2026-03-05T20:12:35.959Z GET /api/nasa/events
2026-03-05T20:12:35.960Z GET /api/nasa/events
2026-03-05T20:12:46.081Z GET /api/water
2026-03-05T20:12:46.083Z GET /api/predictions
2026-03-05T20:12:46.085Z GET /api/alerts
2026-03-05T20:12:46.086Z GET /api/weather
2026-03-05T20:12:46.093Z GET /api/nasa/events
2026-03-05T20:12:46.095Z GET /api/nasa/events
2026-03-05T20:12:46.110Z GET /api/nasa/events
2026-03-05T20:12:46.110Z GET /api/nasa/events
2026-03-05T20:12:46.491Z GET /api/nasa/events
2026-03-05T20:12:46.492Z GET /api/nasa/events
2026-03-05T20:12:56.425Z GET /api/water
2026-03-05T20:12:56.426Z GET /api/predictions
2026-03-05T20:12:56.427Z GET /api/alerts
2026-03-05T20:12:56.429Z GET /api/weather
2026-03-05T20:12:56.434Z GET /api/nasa/events
2026-03-05T20:12:56.435Z GET /api/nasa/events
2026-03-05T20:12:56.454Z GET /api/nasa/events
2026-03-05T20:12:56.455Z GET /api/nasa/events
2026-03-05T20:12:57.255Z GET /api/nasa/events
2026-03-05T20:12:57.256Z GET /api/nasa/events
2026-03-05T20:13:03.339Z GET /api/water
2026-03-05T20:13:03.342Z GET /api/predictions
2026-03-05T20:13:03.345Z GET /api/alerts
2026-03-05T20:13:03.346Z GET /api/nasa
2026-03-05T20:13:03.347Z GET /api/weather
2026-03-05T20:13:21.480Z GET /api/nasa/events
2026-03-05T20:14:03.412Z GET /api/water
2026-03-05T20:14:03.416Z GET /api/predictions
2026-03-05T20:14:03.418Z GET /api/alerts
2026-03-05T20:14:03.419Z GET /api/weather
2026-03-05T20:14:03.421Z GET /api/nasa
2026-03-05T20:15:03.672Z GET /api/water
2026-03-05T20:15:03.674Z GET /api/predictions
2026-03-05T20:15:03.677Z GET /api/alerts
2026-03-05T20:15:03.679Z GET /api/weather
2026-03-05T20:15:03.681Z GET /api/nasa
2026-03-05T20:16:04.240Z GET /api/water
2026-03-05T20:16:04.242Z GET /api/predictions
2026-03-05T20:16:04.245Z GET /api/alerts
2026-03-05T20:16:04.248Z GET /api/weather
2026-03-05T20:16:04.250Z GET /api/nasa
2026-03-05T20:17:04.262Z GET /api/water
2026-03-05T20:17:04.285Z GET /api/predictions
2026-03-05T20:17:04.288Z GET /api/alerts
2026-03-05T20:17:04.291Z GET /api/weather
2026-03-05T20:17:04.322Z GET /api/nasa
2026-03-05T20:17:06.454Z GET /api/nasa/events
2026-03-05T20:17:07.476Z GET /favicon.ico
2026-03-05T20:18:04.267Z GET /api/water
2026-03-05T20:18:04.269Z GET /api/predictions
2026-03-05T20:18:04.271Z GET /api/alerts
2026-03-05T20:18:04.273Z GET /api/weather
2026-03-05T20:18:04.276Z GET /api/nasa
2026-03-05T20:19:04.276Z GET /api/water
2026-03-05T20:19:04.278Z GET /api/predictions
2026-03-05T20:19:04.280Z GET /api/alerts
2026-03-05T20:19:04.281Z GET /api/weather
2026-03-05T20:19:04.283Z GET /api/nasa
2026-03-05T20:20:04.297Z GET /api/water
2026-03-05T20:20:04.300Z GET /api/predictions
2026-03-05T20:20:04.303Z GET /api/alerts
2026-03-05T20:20:04.308Z GET /api/weather
2026-03-05T20:20:04.312Z GET /api/nasa
2026-03-05T20:21:04.821Z GET /api/water
2026-03-05T20:21:04.823Z GET /api/predictions
2026-03-05T20:21:04.825Z GET /api/alerts
2026-03-05T20:21:04.828Z GET /api/weather
2026-03-05T20:21:04.833Z GET /api/nasa
2026-03-05T20:21:25.144Z GET /api/water
2026-03-05T20:21:25.170Z GET /api/predictions
2026-03-05T20:21:25.195Z GET /api/alerts
2026-03-05T20:21:25.231Z GET /api/weather
2026-03-05T20:21:26.069Z GET /api/nasa/events
2026-03-05T20:21:42.868Z GET /api/water
2026-03-05T20:21:42.898Z GET /api/predictions
2026-03-05T20:21:42.925Z GET /api/alerts
2026-03-05T20:21:42.947Z GET /api/weather
2026-03-05T20:21:43.136Z GET /api/nasa/events
2026-03-05T20:22:42.880Z GET /api/water
2026-03-05T20:22:42.889Z GET /api/predictions
2026-03-05T20:22:42.956Z GET /api/alerts
2026-03-05T20:22:42.983Z GET /api/weather
2026-03-05T20:22:43.256Z GET /api/nasa/events
2026-03-05T20:22:47.337Z GET /api/nasa/events
2026-03-05T20:22:47.958Z GET /favicon.ico
2026-03-05T20:23:42.887Z GET /api/water
2026-03-05T20:23:42.894Z GET /api/predictions
2026-03-05T20:23:42.964Z GET /api/alerts
2026-03-05T20:23:42.994Z GET /api/weather
2026-03-05T20:23:43.217Z GET /api/nasa/events
2026-03-05T20:24:41.971Z GET /api/water
2026-03-05T20:24:42.000Z GET /api/predictions
2026-03-05T20:24:42.031Z GET /api/alerts
2026-03-05T20:24:42.054Z GET /api/weather
2026-03-05T20:24:42.292Z GET /api/nasa/events
2026-03-05T20:25:41.159Z GET /api/regions
2026-03-05T20:25:41.167Z GET /api/regions
2026-03-05T20:25:51.815Z GET /api/water
2026-03-05T20:25:51.819Z GET /api/water
2026-03-05T20:25:51.835Z GET /api/predictions
2026-03-05T20:25:51.841Z GET /api/predictions
2026-03-05T20:25:51.852Z GET /api/alerts
2026-03-05T20:25:51.857Z GET /api/alerts
2026-03-05T20:25:51.882Z GET /api/weather
2026-03-05T20:25:52.631Z GET /api/weather
2026-03-05T20:25:52.634Z GET /api/nasa/events
2026-03-05T20:25:54.986Z GET /api/nasa/events
2026-03-05T20:26:33.589Z GET /api/regions
2026-03-05T20:26:33.596Z GET /api/regions
2026-03-05T20:26:33.616Z GET /api/water
2026-03-05T20:26:33.621Z GET /api/water
2026-03-05T20:26:49.120Z GET /api/water
2026-03-05T20:26:49.124Z GET /api/water
2026-03-05T20:26:49.138Z GET /api/predictions
2026-03-05T20:26:49.143Z GET /api/predictions
2026-03-05T20:26:49.157Z GET /api/alerts
2026-03-05T20:26:49.161Z GET /api/alerts
2026-03-05T20:26:49.178Z GET /api/weather
2026-03-05T20:26:49.874Z GET /api/weather
2026-03-05T20:26:49.883Z GET /api/nasa/events
2026-03-05T20:26:51.349Z GET /api/nasa/events
2026-03-05T20:26:56.803Z GET /api/regions
2026-03-05T20:26:56.809Z GET /api/regions
2026-03-05T20:26:56.815Z GET /api/water
2026-03-05T20:26:56.820Z GET /api/water
